  Main.cpp
  Shader.cpp
  Texture.cpp
  Generating Code...
Main.obj : error LNK2019: unresolved external symbol glewInit referenced in function main
Main.obj : error LNK2019: unresolved external symbol glfwInit referenced in function "int __cdecl Window_intit(int,int,char *)" (?Window_intit@@YAHHHPEAD@Z)
Main.obj : error LNK2019: unresolved external symbol glfwTerminate referenced in function "void __cdecl Window_destroy(void)" (?Window_destroy@@YAXXZ)
Main.obj : error LNK2019: unresolved external symbol glfwWindowHint referenced in function "int __cdecl Window_intit(int,int,char *)" (?Window_intit@@YAHHHPEAD@Z)
Main.obj : error LNK2019: unresolved external symbol glfwCreateWindow referenced in function "int __cdecl Window_intit(int,int,char *)" (?Window_intit@@YAHHHPEAD@Z)
Main.obj : error LNK2019: unresolved external symbol glfwDestroyWindow referenced in function "void __cdecl Window_destroy(void)" (?Window_destroy@@YAXXZ)
Main.obj : error LNK2019: unresolved external symbol glfwWindowShouldClose referenced in function "int __cdecl Window_shouldClose(void)" (?Window_shouldClose@@YAHXZ)
Main.obj : error LNK2019: unresolved external symbol glfwSetWindowShouldClose referenced in function "void __cdecl processInput(struct GLFWwindow *)" (?processInput@@YAXPEAUGLFWwindow@@@Z)
Main.obj : error LNK2019: unresolved external symbol glfwSetFramebufferSizeCallback referenced in function main
Main.obj : error LNK2019: unresolved external symbol glfwPollEvents referenced in function "void __cdecl Update_Window(void)" (?Update_Window@@YAXXZ)
Main.obj : error LNK2019: unresolved external symbol glfwGetKey referenced in function "void __cdecl processInput(struct GLFWwindow *)" (?processInput@@YAXPEAUGLFWwindow@@@Z)
Main.obj : error LNK2019: unresolved external symbol glfwGetTime referenced in function "void __cdecl Update_Window(void)" (?Update_Window@@YAXXZ)
Main.obj : error LNK2019: unresolved external symbol glfwMakeContextCurrent referenced in function "int __cdecl Window_intit(int,int,char *)" (?Window_intit@@YAHHHPEAD@Z)
Main.obj : error LNK2019: unresolved external symbol glfwSwapBuffers referenced in function "void __cdecl Update_Window(void)" (?Update_Window@@YAXXZ)
Main.obj : error LNK2019: unresolved external symbol glfwSwapInterval referenced in function "int __cdecl Window_intit(int,int,char *)" (?Window_intit@@YAHHHPEAD@Z)
Main.obj : error LNK2001: unresolved external symbol __glewActiveTexture
Main.obj : error LNK2001: unresolved external symbol __glewBindBuffer
Main.obj : error LNK2001: unresolved external symbol __glewBufferData
Main.obj : error LNK2001: unresolved external symbol __glewDeleteBuffers
Main.obj : error LNK2001: unresolved external symbol __glewGenBuffers
Main.obj : error LNK2001: unresolved external symbol __glewEnableVertexAttribArray
Main.obj : error LNK2001: unresolved external symbol __glewGetUniformLocation
Shader.obj : error LNK2001: unresolved external symbol __glewGetUniformLocation
Main.obj : error LNK2001: unresolved external symbol __glewUniform1i
Shader.obj : error LNK2001: unresolved external symbol __glewUniform1i
Main.obj : error LNK2001: unresolved external symbol __glewUniformMatrix4fv
Shader.obj : error LNK2001: unresolved external symbol __glewUniformMatrix4fv
Main.obj : error LNK2001: unresolved external symbol __glewVertexAttribPointer
Main.obj : error LNK2001: unresolved external symbol __glewBindVertexArray
Main.obj : error LNK2001: unresolved external symbol __glewDeleteVertexArrays
Main.obj : error LNK2001: unresolved external symbol __glewGenVertexArrays
Shader.obj : error LNK2001: unresolved external symbol __glewAttachShader
Shader.obj : error LNK2001: unresolved external symbol __glewCompileShader
Shader.obj : error LNK2001: unresolved external symbol __glewCreateProgram
Shader.obj : error LNK2001: unresolved external symbol __glewCreateShader
Shader.obj : error LNK2001: unresolved external symbol __glewDeleteProgram
Shader.obj : error LNK2001: unresolved external symbol __glewDeleteShader
Shader.obj : error LNK2001: unresolved external symbol __glewGetProgramInfoLog
Shader.obj : error LNK2001: unresolved external symbol __glewGetProgramiv
Shader.obj : error LNK2001: unresolved external symbol __glewGetShaderInfoLog
Shader.obj : error LNK2001: unresolved external symbol __glewGetShaderiv
Shader.obj : error LNK2001: unresolved external symbol __glewLinkProgram
Shader.obj : error LNK2001: unresolved external symbol __glewShaderSource
Shader.obj : error LNK2001: unresolved external symbol __glewUniform1f
Shader.obj : error LNK2001: unresolved external symbol __glewUseProgram
Shader.obj : error LNK2001: unresolved external symbol __glewValidateProgram
..\BigBrainEngine\Dependencies\glew\lib\Release\Win32\glew32s.lib : warning LNK4272: library machine type 'x86' conflicts with target machine type 'x64'
..\BigBrainEngine\Dependencies\glfw\lib-vc2017\glfw3.lib : warning LNK4272: library machine type 'x86' conflicts with target machine type 'x64'
C:\Users\alexm\Documents\GitHub\SmallBrainEngine\BigBrainEngine\x64\Debug\BigBrainEngine.exe : fatal error LNK1120: 43 unresolved externals
